<?xml version="1.0" encoding="UTF-8"?>
<!-- Generated by org.testng.reporters.JUnitReportReporter -->
<testsuite hostname="DESKTOP-S0JRQPB" failures="0" tests="1" name="testcases.TC_002_Login" time="3.559" errors="0" timestamp="2021-08-17T20:25:20 EDT" skipped="0">
  <testcase classname="testcases.TC_002_Login" name="test_login" time="3.559"/>
  <system-out/>
</testsuite> <!-- testcases.TC_002_Login -->
