<?xml version="1.0" encoding="UTF-8"?>
<!-- Generated by org.testng.reporters.JUnitReportReporter -->
<testsuite hostname="DESKTOP-S0JRQPB" failures="0" tests="4" name="testcases.TC_003_LoginDDT" time="51.273" errors="0" timestamp="2021-08-17T20:02:19 EDT" skipped="0">
  <testcase classname="testcases.TC_003_LoginDDT" name="test_loginDDT" time="12.713"/>
  <system-out/>
  <testcase classname="testcases.TC_003_LoginDDT" name="test_loginDDT" time="12.561"/>
  <system-out/>
  <testcase classname="testcases.TC_003_LoginDDT" name="test_loginDDT" time="12.527"/>
  <system-out/>
  <testcase classname="testcases.TC_003_LoginDDT" name="test_loginDDT" time="13.472"/>
  <system-out/>
</testsuite> <!-- testcases.TC_003_LoginDDT -->
