<?xml version="1.0" encoding="UTF-8"?>
<!-- Generated by org.testng.reporters.JUnitReportReporter -->
<testsuite hostname="DESKTOP-S0JRQPB" failures="0" tests="1" name="testcases.TC_001_AccountRegistration" time="4.548" errors="0" timestamp="2021-08-18T14:00:12 EDT" skipped="0">
  <testcase classname="testcases.TC_001_AccountRegistration" name="test_account_registration" time="4.548"/>
  <system-out/>
</testsuite> <!-- testcases.TC_001_AccountRegistration -->
